<?xml version="1.0" encoding="UTF-8"?>
<coverage generated="1679178971180" clover="3.2.0">
  <project timestamp="1679178971180" name="All files">
    <metrics statements="4" coveredstatements="3" conditionals="2" coveredconditionals="2" methods="2" coveredmethods="2" elements="8" coveredelements="7" complexity="0" loc="4" ncloc="4" packages="2" files="3" classes="3"/>
    <package name="components.Heading">
      <metrics statements="2" coveredstatements="1" conditionals="2" coveredconditionals="2" methods="1" coveredmethods="1"/>
      <file name="index.tsx" path="/home/yasmingonc/development/find-a-friend/src/components/Heading/index.tsx">
        <metrics statements="1" coveredstatements="1" conditionals="2" coveredconditionals="2" methods="1" coveredmethods="1"/>
        <line num="14" count="2" type="stmt"/>
      </file>
      <file name="stories.tsx" path="/home/yasmingonc/development/find-a-friend/src/components/Heading/stories.tsx">
        <metrics statements="1" coveredstatements="0" conditionals="0" coveredconditionals="0" methods="0" coveredmethods="0"/>
        <line num="19" count="0" type="stmt"/>
      </file>
    </package>
    <package name="utils.test">
      <metrics statements="2" coveredstatements="2" conditionals="0" coveredconditionals="0" methods="1" coveredmethods="1"/>
      <file name="helper.tsx" path="/home/yasmingonc/development/find-a-friend/src/utils/test/helper.tsx">
        <metrics statements="2" coveredstatements="2" conditionals="0" coveredconditionals="0" methods="1" coveredmethods="1"/>
        <line num="7" count="1" type="stmt"/>
        <line num="8" count="2" type="stmt"/>
      </file>
    </package>
  </project>
</coverage>
