{"/home/yasmingonc/development/find-a-friend/src/App.tsx": {"path":"/home/yasmingonc/development/find-a-friend/src/App.tsx","statementMap":{"0":{"start":{"line":9,"column":2},"end":{"line":18,"column":3}}},"fnMap":{"0":{"name":"App","decl":{"start":{"line":8,"column":16},"end":{"line":8,"column":19}},"loc":{"start":{"line":8,"column":22},"end":{"line":19,"column":1}},"line":8}},"branchMap":{},"s":{"0":0},"f":{"0":0},"b":{}}
,"/home/yasmingonc/development/find-a-friend/src/components/Select/index.tsx": {"path":"/home/yasmingonc/development/find-a-friend/src/components/Select/index.tsx","statementMap":{"0":{"start":{"line":22,"column":26},"end":{"line":22,"column":41}},"1":{"start":{"line":25,"column":4},"end":{"line":29,"column":5}},"2":{"start":{"line":26,"column":6},"end":{"line":26,"column":20}},"3":{"start":{"line":28,"column":6},"end":{"line":28,"column":19}},"4":{"start":{"line":32,"column":2},"end":{"line":59,"column":3}},"5":{"start":{"line":50,"column":16},"end":{"line":52,"column":31}}},"fnMap":{"0":{"name":"Select","decl":{"start":{"line":14,"column":16},"end":{"line":14,"column":22}},"loc":{"start":{"line":21,"column":16},"end":{"line":60,"column":1}},"line":21},"1":{"name":"handleOpenChange","decl":{"start":{"line":24,"column":11},"end":{"line":24,"column":27}},"loc":{"start":{"line":24,"column":30},"end":{"line":30,"column":3}},"line":24},"2":{"name":"(anonymous_2)","decl":{"start":{"line":49,"column":27},"end":{"line":49,"column":28}},"loc":{"start":{"line":50,"column":16},"end":{"line":52,"column":31}},"line":50}},"branchMap":{"0":{"loc":{"start":{"line":17,"column":2},"end":{"line":17,"column":19}},"type":"default-arg","locations":[{"start":{"line":17,"column":14},"end":{"line":17,"column":19}}],"line":17},"1":{"loc":{"start":{"line":18,"column":2},"end":{"line":18,"column":22}},"type":"default-arg","locations":[{"start":{"line":18,"column":14},"end":{"line":18,"column":22}}],"line":18},"2":{"loc":{"start":{"line":25,"column":4},"end":{"line":29,"column":5}},"type":"if","locations":[{"start":{"line":25,"column":4},"end":{"line":29,"column":5}},{"start":{"line":27,"column":11},"end":{"line":29,"column":5}}],"line":25},"3":{"loc":{"start":{"line":43,"column":25},"end":{"line":43,"column":59}},"type":"cond-expr","locations":[{"start":{"line":43,"column":32},"end":{"line":43,"column":43}},{"start":{"line":43,"column":46},"end":{"line":43,"column":59}}],"line":43}},"s":{"0":1,"1":0,"2":0,"3":0,"4":1,"5":4},"f":{"0":1,"1":0,"2":4},"b":{"0":[1],"1":[1],"2":[0,0],"3":[0,1]},"_coverageSchema":"1a1c01bbd47fc00a2c39e90264f33305004495a9","hash":"a482a689612cc2dd59b5960a317e866ff2c3eb48"}
,"/home/yasmingonc/development/find-a-friend/src/components/Select/stories.tsx": {"path":"/home/yasmingonc/development/find-a-friend/src/components/Select/stories.tsx","statementMap":{"0":{"start":{"line":26,"column":6},"end":{"line":28,"column":12}},"1":{"start":{"line":38,"column":46},"end":{"line":38,"column":48}}},"fnMap":{"0":{"name":"(anonymous_0)","decl":{"start":{"line":25,"column":4},"end":{"line":25,"column":5}},"loc":{"start":{"line":26,"column":6},"end":{"line":28,"column":12}},"line":26}},"branchMap":{},"s":{"0":0,"1":0},"f":{"0":0},"b":{}}
,"/home/yasmingonc/development/find-a-friend/src/context/locationContext.tsx": {"path":"/home/yasmingonc/development/find-a-friend/src/context/locationContext.tsx","statementMap":{"0":{"start":{"line":8,"column":31},"end":{"line":8,"column":72}},"1":{"start":{"line":15,"column":28},"end":{"line":15,"column":40}},"2":{"start":{"line":18,"column":4},"end":{"line":18,"column":19}},"3":{"start":{"line":21,"column":2},"end":{"line":21,"column":20}},"4":{"start":{"line":23,"column":2},"end":{"line":27,"column":3}}},"fnMap":{"0":{"name":"LocationProvider","decl":{"start":{"line":14,"column":16},"end":{"line":14,"column":32}},"loc":{"start":{"line":14,"column":70},"end":{"line":28,"column":1}},"line":14},"1":{"name":"handleChangeState","decl":{"start":{"line":17,"column":11},"end":{"line":17,"column":28}},"loc":{"start":{"line":17,"column":44},"end":{"line":19,"column":3}},"line":17}},"branchMap":{},"s":{"0":0,"1":0,"2":0,"3":0,"4":0},"f":{"0":0,"1":0},"b":{}}
,"/home/yasmingonc/development/find-a-friend/src/pages/Home/index.tsx": {"path":"/home/yasmingonc/development/find-a-friend/src/pages/Home/index.tsx","statementMap":{"0":{"start":{"line":14,"column":16},"end":{"line":14,"column":34}},"1":{"start":{"line":29,"column":32},"end":{"line":29,"column":59}},"2":{"start":{"line":31,"column":2},"end":{"line":62,"column":3}}},"fnMap":{"0":{"name":"Home","decl":{"start":{"line":16,"column":16},"end":{"line":16,"column":20}},"loc":{"start":{"line":16,"column":23},"end":{"line":63,"column":1}},"line":16}},"branchMap":{},"s":{"0":0,"1":0,"2":0},"f":{"0":0},"b":{}}
}
