{"/home/yasmingonc/development/find-a-friend/src/App.tsx": {"path":"/home/yasmingonc/development/find-a-friend/src/App.tsx","statementMap":{"0":{"start":{"line":8,"column":2},"end":{"line":15,"column":3}}},"fnMap":{"0":{"name":"App","decl":{"start":{"line":7,"column":9},"end":{"line":7,"column":12}},"loc":{"start":{"line":7,"column":15},"end":{"line":16,"column":1}},"line":7}},"branchMap":{},"s":{"0":0},"f":{"0":0},"b":{}}
,"/home/yasmingonc/development/find-a-friend/src/main.tsx": {"path":"/home/yasmingonc/development/find-a-friend/src/main.tsx","statementMap":{"0":{"start":{"line":5,"column":0},"end":{"line":9,"column":1}}},"fnMap":{},"branchMap":{},"s":{"0":0},"f":{},"b":{}}
,"/home/yasmingonc/development/find-a-friend/src/components/Aside/index.tsx": {"path":"/home/yasmingonc/development/find-a-friend/src/components/Aside/index.tsx","statementMap":{"0":{"start":{"line":15,"column":19},"end":{"line":28,"column":1}},"1":{"start":{"line":29,"column":22},"end":{"line":50,"column":1}},"2":{"start":{"line":51,"column":20},"end":{"line":64,"column":1}},"3":{"start":{"line":65,"column":28},"end":{"line":78,"column":1}},"4":{"start":{"line":89,"column":2},"end":{"line":123,"column":3}}},"fnMap":{"0":{"name":"Aside","decl":{"start":{"line":80,"column":16},"end":{"line":80,"column":21}},"loc":{"start":{"line":80,"column":24},"end":{"line":124,"column":1}},"line":80},"1":{"name":"handleSearchPets","decl":{"start":{"line":81,"column":11},"end":{"line":81,"column":27}},"loc":{"start":{"line":81,"column":30},"end":{"line":83,"column":3}},"line":81},"2":{"name":"handleChangeSearchFilters","decl":{"start":{"line":85,"column":11},"end":{"line":85,"column":36}},"loc":{"start":{"line":85,"column":39},"end":{"line":87,"column":3}},"line":85}},"branchMap":{},"s":{"0":0,"1":0,"2":0,"3":0,"4":0},"f":{"0":0,"1":0,"2":0},"b":{}}
,"/home/yasmingonc/development/find-a-friend/src/components/Card/index.tsx": {"path":"/home/yasmingonc/development/find-a-friend/src/components/Card/index.tsx","statementMap":{"0":{"start":{"line":12,"column":2},"end":{"line":28,"column":3}}},"fnMap":{"0":{"name":"Card","decl":{"start":{"line":11,"column":16},"end":{"line":11,"column":20}},"loc":{"start":{"line":11,"column":54},"end":{"line":29,"column":1}},"line":11}},"branchMap":{"0":{"loc":{"start":{"line":20,"column":38},"end":{"line":20,"column":76}},"type":"cond-expr","locations":[{"start":{"line":20,"column":55},"end":{"line":20,"column":64}},{"start":{"line":20,"column":67},"end":{"line":20,"column":76}}],"line":20}},"s":{"0":0},"f":{"0":0},"b":{"0":[0,0]}}
,"/home/yasmingonc/development/find-a-friend/src/components/Logo/index.tsx": {"path":"/home/yasmingonc/development/find-a-friend/src/components/Logo/index.tsx","statementMap":{"0":{"start":{"line":2,"column":2},"end":{"line":6,"column":3}}},"fnMap":{"0":{"name":"Logo","decl":{"start":{"line":1,"column":16},"end":{"line":1,"column":20}},"loc":{"start":{"line":1,"column":23},"end":{"line":7,"column":1}},"line":1}},"branchMap":{},"s":{"0":1},"f":{"0":1},"b":{},"_coverageSchema":"1a1c01bbd47fc00a2c39e90264f33305004495a9","hash":"62cba46b40cdedfa3a04fce5a9aab828242d8539"}
,"/home/yasmingonc/development/find-a-friend/src/components/Logo/stories.tsx": {"path":"/home/yasmingonc/development/find-a-friend/src/components/Logo/stories.tsx","statementMap":{"0":{"start":{"line":10,"column":33},"end":{"line":10,"column":35}}},"fnMap":{},"branchMap":{},"s":{"0":0},"f":{},"b":{}}
,"/home/yasmingonc/development/find-a-friend/src/components/Select/index.tsx": {"path":"/home/yasmingonc/development/find-a-friend/src/components/Select/index.tsx","statementMap":{"0":{"start":{"line":21,"column":2},"end":{"line":40,"column":3}},"1":{"start":{"line":30,"column":12},"end":{"line":34,"column":13}}},"fnMap":{"0":{"name":"Select","decl":{"start":{"line":20,"column":16},"end":{"line":20,"column":22}},"loc":{"start":{"line":20,"column":62},"end":{"line":41,"column":1}},"line":20},"1":{"name":"(anonymous_1)","decl":{"start":{"line":29,"column":23},"end":{"line":29,"column":24}},"loc":{"start":{"line":29,"column":35},"end":{"line":35,"column":11}},"line":29}},"branchMap":{},"s":{"0":0,"1":0},"f":{"0":0,"1":0},"b":{}}
,"/home/yasmingonc/development/find-a-friend/src/pages/Home/index.tsx": {"path":"/home/yasmingonc/development/find-a-friend/src/pages/Home/index.tsx","statementMap":{"0":{"start":{"line":16,"column":2},"end":{"line":20,"column":3}}},"fnMap":{"0":{"name":"Home","decl":{"start":{"line":3,"column":16},"end":{"line":3,"column":20}},"loc":{"start":{"line":3,"column":23},"end":{"line":21,"column":1}},"line":3}},"branchMap":{},"s":{"0":0},"f":{"0":0},"b":{}}
,"/home/yasmingonc/development/find-a-friend/src/pages/Map/index.tsx": {"path":"/home/yasmingonc/development/find-a-friend/src/pages/Map/index.tsx","statementMap":{"0":{"start":{"line":21,"column":2},"end":{"line":51,"column":3}}},"fnMap":{"0":{"name":"Map","decl":{"start":{"line":16,"column":16},"end":{"line":16,"column":19}},"loc":{"start":{"line":16,"column":22},"end":{"line":52,"column":1}},"line":16},"1":{"name":"handleFilterByPetType","decl":{"start":{"line":17,"column":11},"end":{"line":17,"column":32}},"loc":{"start":{"line":17,"column":35},"end":{"line":19,"column":3}},"line":17}},"branchMap":{},"s":{"0":0},"f":{"0":0,"1":0},"b":{}}
,"/home/yasmingonc/development/find-a-friend/src/routes/index.tsx": {"path":"/home/yasmingonc/development/find-a-friend/src/routes/index.tsx","statementMap":{"0":{"start":{"line":6,"column":2},"end":{"line":11,"column":3}}},"fnMap":{"0":{"name":"Router","decl":{"start":{"line":5,"column":16},"end":{"line":5,"column":22}},"loc":{"start":{"line":5,"column":25},"end":{"line":12,"column":1}},"line":5}},"branchMap":{},"s":{"0":0},"f":{"0":0},"b":{}}
}
