TN:
SF:src/App.tsx
FN:8,App
FNF:1
FNH:0
FNDA:0,App
DA:9,0
LF:1
LH:0
BRF:0
BRH:0
end_of_record
TN:
SF:src/components/Select/index.tsx
FN:14,Select
FN:24,handleOpenChange
FN:49,(anonymous_2)
FNF:3
FNH:2
FNDA:1,Select
FNDA:0,handleOpenChange
FNDA:4,(anonymous_2)
DA:22,1
DA:25,0
DA:26,0
DA:28,0
DA:32,1
DA:50,4
LF:6
LH:3
BRDA:17,0,0,1
BRDA:18,1,0,1
BRDA:25,2,0,0
BRDA:25,2,1,0
BRDA:43,3,0,0
BRDA:43,3,1,1
BRF:6
BRH:3
end_of_record
TN:
SF:src/components/Select/stories.tsx
FN:25,(anonymous_0)
FNF:1
FNH:0
FNDA:0,(anonymous_0)
DA:26,0
DA:38,0
LF:2
LH:0
BRF:0
BRH:0
end_of_record
TN:
SF:src/context/locationContext.tsx
FN:14,LocationProvider
FN:17,handleChangeState
FNF:2
FNH:0
FNDA:0,LocationProvider
FNDA:0,handleChangeState
DA:8,0
DA:15,0
DA:18,0
DA:21,0
DA:23,0
LF:5
LH:0
BRF:0
BRH:0
end_of_record
TN:
SF:src/pages/Home/index.tsx
FN:16,Home
FNF:1
FNH:0
FNDA:0,Home
DA:14,0
DA:29,0
DA:31,0
LF:3
LH:0
BRF:0
BRH:0
end_of_record
