TN:
SF:src/App.tsx
FN:7,App
FNF:1
FNH:0
FNDA:0,App
DA:8,0
LF:1
LH:0
BRF:0
BRH:0
end_of_record
TN:
SF:src/main.tsx
FNF:0
FNH:0
DA:5,0
LF:1
LH:0
BRF:0
BRH:0
end_of_record
TN:
SF:src/components/Aside/index.tsx
FN:80,Aside
FN:81,handleSearchPets
FN:85,handleChangeSearchFilters
FNF:3
FNH:0
FNDA:0,Aside
FNDA:0,handleSearchPets
FNDA:0,handleChangeSearchFilters
DA:15,0
DA:29,0
DA:51,0
DA:65,0
DA:89,0
LF:5
LH:0
BRF:0
BRH:0
end_of_record
TN:
SF:src/components/Card/index.tsx
FN:11,Card
FNF:1
FNH:0
FNDA:0,Card
DA:12,0
LF:1
LH:0
BRDA:20,0,0,0
BRDA:20,0,1,0
BRF:2
BRH:0
end_of_record
TN:
SF:src/components/Logo/index.tsx
FN:1,Logo
FNF:1
FNH:1
FNDA:1,Logo
DA:2,1
LF:1
LH:1
BRF:0
BRH:0
end_of_record
TN:
SF:src/components/Logo/stories.tsx
FNF:0
FNH:0
DA:10,0
LF:1
LH:0
BRF:0
BRH:0
end_of_record
TN:
SF:src/components/Select/index.tsx
FN:20,Select
FN:29,(anonymous_1)
FNF:2
FNH:0
FNDA:0,Select
FNDA:0,(anonymous_1)
DA:21,0
DA:30,0
LF:2
LH:0
BRF:0
BRH:0
end_of_record
TN:
SF:src/pages/Home/index.tsx
FN:3,Home
FNF:1
FNH:0
FNDA:0,Home
DA:16,0
LF:1
LH:0
BRF:0
BRH:0
end_of_record
TN:
SF:src/pages/Map/index.tsx
FN:16,Map
FN:17,handleFilterByPetType
FNF:2
FNH:0
FNDA:0,Map
FNDA:0,handleFilterByPetType
DA:21,0
LF:1
LH:0
BRF:0
BRH:0
end_of_record
TN:
SF:src/routes/index.tsx
FN:5,Router
FNF:1
FNH:0
FNDA:0,Router
DA:6,0
LF:1
LH:0
BRF:0
BRH:0
end_of_record
